[2016-01-05 08:55:23] main.DEBUG: cache_invalidate:  {"method":"POST","url":"http://localhost/Magento-CE-2/setup/index.php/install/start","invalidateInfo":{"tags":["CONFIG"],"mode":"matchingTag"},"is_exception":false} []
[2016-01-05 08:55:23] main.DEBUG: cache_invalidate:  {"method":"POST","url":"http://localhost/Magento-CE-2/setup/index.php/install/start","invalidateInfo":{"tags":["LAYOUT_GENERAL_CACHE_TAG"],"mode":"matchingTag"},"is_exception":false} []
[2016-01-05 08:55:23] main.DEBUG: cache_invalidate:  {"method":"POST","url":"http://localhost/Magento-CE-2/setup/index.php/install/start","invalidateInfo":{"tags":["BLOCK_HTML"],"mode":"matchingTag"},"is_exception":false} []
[2016-01-05 08:55:23] main.DEBUG: cache_invalidate:  {"method":"POST","url":"http://localhost/Magento-CE-2/setup/index.php/install/start","invalidateInfo":{"tags":["COLLECTION_DATA"],"mode":"matchingTag"},"is_exception":false} []
[2016-01-05 08:55:23] main.DEBUG: cache_invalidate:  {"method":"POST","url":"http://localhost/Magento-CE-2/setup/index.php/install/start","invalidateInfo":{"tags":["REFLECTION"],"mode":"matchingTag"},"is_exception":false} []
[2016-01-05 08:55:23] main.DEBUG: cache_invalidate:  {"method":"POST","url":"http://localhost/Magento-CE-2/setup/index.php/install/start","invalidateInfo":{"tags":["DB_DDL"],"mode":"matchingTag"},"is_exception":false} []
[2016-01-05 08:55:23] main.DEBUG: cache_invalidate:  {"method":"POST","url":"http://localhost/Magento-CE-2/setup/index.php/install/start","invalidateInfo":{"tags":["EAV"],"mode":"matchingTag"},"is_exception":false} []
[2016-01-05 08:55:23] main.DEBUG: cache_invalidate:  {"method":"POST","url":"http://localhost/Magento-CE-2/setup/index.php/install/start","invalidateInfo":{"tags":["INTEGRATION"],"mode":"matchingTag"},"is_exception":false} []
[2016-01-05 08:55:23] main.DEBUG: cache_invalidate:  {"method":"POST","url":"http://localhost/Magento-CE-2/setup/index.php/install/start","invalidateInfo":{"tags":["INTEGRATION_API_CONFIG"],"mode":"matchingTag"},"is_exception":false} []
[2016-01-05 08:55:23] main.DEBUG: cache_invalidate:  {"method":"POST","url":"http://localhost/Magento-CE-2/setup/index.php/install/start","invalidateInfo":{"tags":["FPC"],"mode":"matchingTag"},"is_exception":false} []
[2016-01-05 08:55:23] main.DEBUG: cache_invalidate:  {"method":"POST","url":"http://localhost/Magento-CE-2/setup/index.php/install/start","invalidateInfo":{"tags":["TRANSLATE"],"mode":"matchingTag"},"is_exception":false} []
[2016-01-05 08:55:23] main.DEBUG: cache_invalidate:  {"method":"POST","url":"http://localhost/Magento-CE-2/setup/index.php/install/start","invalidateInfo":{"tags":["WEBSERVICE"],"mode":"matchingTag"},"is_exception":false} []
[2016-01-05 08:55:23] main.DEBUG: cache_invalidate:  {"method":"POST","url":"http://localhost/Magento-CE-2/setup/index.php/install/start","invalidateInfo":{"tags":["CONFIG"],"mode":"matchingTag"},"is_exception":false} []
[2016-01-05 08:55:23] main.DEBUG: cache_invalidate:  {"method":"POST","url":"http://localhost/Magento-CE-2/setup/index.php/install/start","invalidateInfo":{"tags":["LAYOUT_GENERAL_CACHE_TAG"],"mode":"matchingTag"},"is_exception":false} []
[2016-01-05 08:55:23] main.DEBUG: cache_invalidate:  {"method":"POST","url":"http://localhost/Magento-CE-2/setup/index.php/install/start","invalidateInfo":{"tags":["BLOCK_HTML"],"mode":"matchingTag"},"is_exception":false} []
[2016-01-05 08:55:23] main.DEBUG: cache_invalidate:  {"method":"POST","url":"http://localhost/Magento-CE-2/setup/index.php/install/start","invalidateInfo":{"tags":["COLLECTION_DATA"],"mode":"matchingTag"},"is_exception":false} []
[2016-01-05 08:55:23] main.DEBUG: cache_invalidate:  {"method":"POST","url":"http://localhost/Magento-CE-2/setup/index.php/install/start","invalidateInfo":{"tags":["REFLECTION"],"mode":"matchingTag"},"is_exception":false} []
[2016-01-05 08:55:23] main.DEBUG: cache_invalidate:  {"method":"POST","url":"http://localhost/Magento-CE-2/setup/index.php/install/start","invalidateInfo":{"tags":["DB_DDL"],"mode":"matchingTag"},"is_exception":false} []
[2016-01-05 08:55:23] main.DEBUG: cache_invalidate:  {"method":"POST","url":"http://localhost/Magento-CE-2/setup/index.php/install/start","invalidateInfo":{"tags":["EAV"],"mode":"matchingTag"},"is_exception":false} []
[2016-01-05 08:55:23] main.DEBUG: cache_invalidate:  {"method":"POST","url":"http://localhost/Magento-CE-2/setup/index.php/install/start","invalidateInfo":{"tags":["INTEGRATION"],"mode":"matchingTag"},"is_exception":false} []
[2016-01-05 08:55:23] main.DEBUG: cache_invalidate:  {"method":"POST","url":"http://localhost/Magento-CE-2/setup/index.php/install/start","invalidateInfo":{"tags":["INTEGRATION_API_CONFIG"],"mode":"matchingTag"},"is_exception":false} []
[2016-01-05 08:55:23] main.DEBUG: cache_invalidate:  {"method":"POST","url":"http://localhost/Magento-CE-2/setup/index.php/install/start","invalidateInfo":{"tags":["FPC"],"mode":"matchingTag"},"is_exception":false} []
[2016-01-05 08:55:23] main.DEBUG: cache_invalidate:  {"method":"POST","url":"http://localhost/Magento-CE-2/setup/index.php/install/start","invalidateInfo":{"tags":["TRANSLATE"],"mode":"matchingTag"},"is_exception":false} []
[2016-01-05 08:55:23] main.DEBUG: cache_invalidate:  {"method":"POST","url":"http://localhost/Magento-CE-2/setup/index.php/install/start","invalidateInfo":{"tags":["WEBSERVICE"],"mode":"matchingTag"},"is_exception":false} []
[2016-01-05 08:55:24] main.DEBUG: cache_invalidate:  {"method":"GET","url":"http://localhost/Magento-CE-2/setup/index.php/success","invalidateInfo":{"tags":["interception","CONFIG"],"mode":"matchingTag"},"is_exception":false} []
[2016-01-05 08:55:46] main.DEBUG: cache_invalidate:  {"method":"POST","url":"http://localhost/Magento-CE-2/admin2/admin/index/index/key/61fbb738d40c0ea0834b60706d7b3f07f8253053814b691c8777d9125cbb22e4/","invalidateInfo":{"tags":["BACKEND_MAINMENU"],"mode":"matchingAnyTag"},"is_exception":false} []
[2016-01-05 09:22:16] main.DEBUG: cache_invalidate:  {"method":"GET","url":"http:/","invalidateInfo":{"tags":["CONFIG"],"mode":"matchingTag"},"is_exception":false} []
[2016-01-05 09:22:16] main.DEBUG: cache_invalidate:  {"method":"GET","url":"http:/","invalidateInfo":{"tags":["LAYOUT_GENERAL_CACHE_TAG"],"mode":"matchingTag"},"is_exception":false} []
[2016-01-05 09:22:16] main.DEBUG: cache_invalidate:  {"method":"GET","url":"http:/","invalidateInfo":{"tags":["BLOCK_HTML"],"mode":"matchingTag"},"is_exception":false} []
[2016-01-05 09:22:16] main.DEBUG: cache_invalidate:  {"method":"GET","url":"http:/","invalidateInfo":{"tags":["COLLECTION_DATA"],"mode":"matchingTag"},"is_exception":false} []
[2016-01-05 09:22:16] main.DEBUG: cache_invalidate:  {"method":"GET","url":"http:/","invalidateInfo":{"tags":["REFLECTION"],"mode":"matchingTag"},"is_exception":false} []
[2016-01-05 09:22:16] main.DEBUG: cache_invalidate:  {"method":"GET","url":"http:/","invalidateInfo":{"tags":["DB_DDL"],"mode":"matchingTag"},"is_exception":false} []
[2016-01-05 09:22:16] main.DEBUG: cache_invalidate:  {"method":"GET","url":"http:/","invalidateInfo":{"tags":["EAV"],"mode":"matchingTag"},"is_exception":false} []
[2016-01-05 09:22:16] main.DEBUG: cache_invalidate:  {"method":"GET","url":"http:/","invalidateInfo":{"tags":["INTEGRATION"],"mode":"matchingTag"},"is_exception":false} []
[2016-01-05 09:22:16] main.DEBUG: cache_invalidate:  {"method":"GET","url":"http:/","invalidateInfo":{"tags":["INTEGRATION_API_CONFIG"],"mode":"matchingTag"},"is_exception":false} []
[2016-01-05 09:22:17] main.DEBUG: cache_invalidate:  {"method":"GET","url":"http:/","invalidateInfo":{"tags":["FPC"],"mode":"matchingTag"},"is_exception":false} []
[2016-01-05 09:22:17] main.DEBUG: cache_invalidate:  {"method":"GET","url":"http:/","invalidateInfo":{"tags":["TRANSLATE"],"mode":"matchingTag"},"is_exception":false} []
[2016-01-05 09:22:17] main.DEBUG: cache_invalidate:  {"method":"GET","url":"http:/","invalidateInfo":{"tags":["WEBSERVICE"],"mode":"matchingTag"},"is_exception":false} []
[2016-01-05 09:22:17] main.DEBUG: cache_invalidate:  {"method":"GET","url":"http:/","invalidateInfo":{"tags":["interception","CONFIG"],"mode":"matchingTag"},"is_exception":false} []
[2016-01-05 09:27:41] main.DEBUG: cache_invalidate:  {"method":"GET","url":"http:/","invalidateInfo":{"tags":["interception","CONFIG"],"mode":"matchingTag"},"is_exception":false} []
[2016-01-05 09:27:42] main.DEBUG: cache_invalidate:  {"method":"GET","url":"http:/","invalidateInfo":{"tags":["CONFIG"],"mode":"matchingTag"},"is_exception":false} []
[2016-01-05 09:27:42] main.DEBUG: cache_invalidate:  {"method":"GET","url":"http:/","invalidateInfo":{"tags":["LAYOUT_GENERAL_CACHE_TAG"],"mode":"matchingTag"},"is_exception":false} []
[2016-01-05 09:27:42] main.DEBUG: cache_invalidate:  {"method":"GET","url":"http:/","invalidateInfo":{"tags":["BLOCK_HTML"],"mode":"matchingTag"},"is_exception":false} []
[2016-01-05 09:27:42] main.DEBUG: cache_invalidate:  {"method":"GET","url":"http:/","invalidateInfo":{"tags":["COLLECTION_DATA"],"mode":"matchingTag"},"is_exception":false} []
[2016-01-05 09:27:42] main.DEBUG: cache_invalidate:  {"method":"GET","url":"http:/","invalidateInfo":{"tags":["REFLECTION"],"mode":"matchingTag"},"is_exception":false} []
[2016-01-05 09:27:42] main.DEBUG: cache_invalidate:  {"method":"GET","url":"http:/","invalidateInfo":{"tags":["DB_DDL"],"mode":"matchingTag"},"is_exception":false} []
[2016-01-05 09:27:42] main.DEBUG: cache_invalidate:  {"method":"GET","url":"http:/","invalidateInfo":{"tags":["EAV"],"mode":"matchingTag"},"is_exception":false} []
[2016-01-05 09:27:42] main.DEBUG: cache_invalidate:  {"method":"GET","url":"http:/","invalidateInfo":{"tags":["INTEGRATION"],"mode":"matchingTag"},"is_exception":false} []
[2016-01-05 09:27:42] main.DEBUG: cache_invalidate:  {"method":"GET","url":"http:/","invalidateInfo":{"tags":["INTEGRATION_API_CONFIG"],"mode":"matchingTag"},"is_exception":false} []
[2016-01-05 09:27:42] main.DEBUG: cache_invalidate:  {"method":"GET","url":"http:/","invalidateInfo":{"tags":["FPC"],"mode":"matchingTag"},"is_exception":false} []
[2016-01-05 09:27:42] main.DEBUG: cache_invalidate:  {"method":"GET","url":"http:/","invalidateInfo":{"tags":["TRANSLATE"],"mode":"matchingTag"},"is_exception":false} []
[2016-01-05 09:27:42] main.DEBUG: cache_invalidate:  {"method":"GET","url":"http:/","invalidateInfo":{"tags":["WEBSERVICE"],"mode":"matchingTag"},"is_exception":false} []
[2016-01-05 09:27:43] main.DEBUG: cache_invalidate:  {"method":"GET","url":"http:/","invalidateInfo":{"tags":["interception","CONFIG"],"mode":"matchingTag"},"is_exception":false} []
[2016-01-05 09:53:53] main.DEBUG: cache_invalidate:  {"method":"POST","url":"http://localhost/Magento-CE-2/admin2/admin/index/index/key/86c14599875908a939a38e21729b2af3f67fe7ea1336bf9912969972aa177991/","invalidateInfo":{"tags":["BACKEND_MAINMENU"],"mode":"matchingAnyTag"},"is_exception":false} []
